1716448393.186361: glob
1716448393.186364: optind: 2, argc:3
1716448393.186364: main: Logging in  DEBUG

1716448393.186365: main: Logging in  ERROR

1716448393.186365: main: Logging in  INFO

1716448393.186365: main: Logging in  WARNING

1716448393.186365: main: Logging in  DUMP 

1716448393.233144: beacon parser thread creation in process
1716448393.233351: -----------beacon capture---------

1716448393.233393: -----------beacon capture---------

1716448405.592940: -----------beacon capture---------

1716448412.880927: -----------beacon capture---------

1716448420.064915: -----------beacon capture---------

1716448427.353070: -----------beacon capture---------

1716448434.633176: -----------beacon capture---------

1716448441.912999: -----------beacon capture---------

1716448449.193191: -----------beacon capture---------

1716448456.473066: -----------beacon capture---------

1716448463.653186: -----------beacon capture---------

1716448470.932776: -----------beacon capture---------

1716448478.213133: -----------beacon capture---------

1716448485.393136: -----------beacon capture---------

1716448492.573035: -----------beacon capture---------

1716448499.969024: -----------beacon capture---------

1716448507.152984: -----------beacon capture---------

1716448514.433310: -----------beacon capture---------

1716448517.845054: Closing function successfullly
